<?xml version="1.0" encoding="UTF-8"?>
<testsuite name="com.autenticadorgl.exception.GlobalExceptionHandlerTest" tests="6" skipped="0" failures="0" errors="0" timestamp="2023-11-26T01:22:39" hostname="DESKTOP-CHTDNRS" time="0.02">
  <properties/>
  <testcase name="testHandleException()" classname="com.autenticadorgl.exception.GlobalExceptionHandlerTest" time="0.01"/>
  <testcase name="testHandleTokenExpiredException()" classname="com.autenticadorgl.exception.GlobalExceptionHandlerTest" time="0.002"/>
  <testcase name="testHandleNoSuchElementException()" classname="com.autenticadorgl.exception.GlobalExceptionHandlerTest" time="0.001"/>
  <testcase name="testHandleAccessDeniedException()" classname="com.autenticadorgl.exception.GlobalExceptionHandlerTest" time="0.002"/>
  <testcase name="testHandleJWTDecodeException()" classname="com.autenticadorgl.exception.GlobalExceptionHandlerTest" time="0.001"/>
  <testcase name="testHandleUsernameNotFoundException()" classname="com.autenticadorgl.exception.GlobalExceptionHandlerTest" time="0.001"/>
  <system-out><![CDATA[handleException
java.lang.Exception: Error general
handleAccessDeniedException
handleUsernameNotFoundException
]]></system-out>
  <system-err><![CDATA[]]></system-err>
</testsuite>
