<?xml version="1.0" encoding="UTF-8"?>
<testsuite name="com.autenticadorgl.service.UserServiceTest" tests="6" skipped="0" failures="0" errors="0" timestamp="2023-11-26T01:22:40" hostname="DESKTOP-CHTDNRS" time="0.096">
  <properties/>
  <testcase name="testLoginUserSuccess()" classname="com.autenticadorgl.service.UserServiceTest" time="0.08"/>
  <testcase name="testLoginUserErrorWrongPass()" classname="com.autenticadorgl.service.UserServiceTest" time="0.002"/>
  <testcase name="testRegisterUserFailUserExists()" classname="com.autenticadorgl.service.UserServiceTest" time="0.002"/>
  <testcase name="testRegisterUserSuccess()" classname="com.autenticadorgl.service.UserServiceTest" time="0.006"/>
  <testcase name="testLoginUserErrorNotFoundEmail()" classname="com.autenticadorgl.service.UserServiceTest" time="0.002"/>
  <testcase name="testGetPhones()" classname="com.autenticadorgl.service.UserServiceTest" time="0.001"/>
  <system-out><![CDATA[]]></system-out>
  <system-err><![CDATA[]]></system-err>
</testsuite>
