<?xml version="1.0" encoding="UTF-8"?>
<testsuite name="com.autenticadorgl.security.JwtRequestFilterTest" tests="3" skipped="0" failures="0" errors="0" timestamp="2023-11-20T02:23:40" hostname="DESKTOP-CHTDNRS" time="0.541">
  <properties/>
  <testcase name="testValidTokenAuthentication()" classname="com.autenticadorgl.security.JwtRequestFilterTest" time="0.505"/>
  <testcase name="testAbsentTokenFilterChain()" classname="com.autenticadorgl.security.JwtRequestFilterTest" time="0.028"/>
  <testcase name="testInvalidTokenErrorResponse()" classname="com.autenticadorgl.security.JwtRequestFilterTest" time="0.006"/>
  <system-out><![CDATA[2023-11-19 23:23:40 | Token no valido
2023-11-19 23:23:41 | No autorizado
]]></system-out>
  <system-err><![CDATA[]]></system-err>
</testsuite>
