<?xml version="1.0" encoding="UTF-8"?>
<testsuite name="com.autenticadorgl.util.ParseUtilTest" tests="3" skipped="0" failures="0" errors="0" timestamp="2023-11-19T17:02:29" hostname="DESKTOP-CHTDNRS" time="0.002">
  <properties/>
  <testcase name="testListPhoneDTOToListPhoneEntity()" classname="com.autenticadorgl.util.ParseUtilTest" time="0.001"/>
  <testcase name="testUserEntityToUserDTO()" classname="com.autenticadorgl.util.ParseUtilTest" time="0.001"/>
  <testcase name="testUserRegistrationRequestToUserEntity()" classname="com.autenticadorgl.util.ParseUtilTest" time="0.0"/>
  <system-out><![CDATA[]]></system-out>
  <system-err><![CDATA[]]></system-err>
</testsuite>
