<?xml version="1.0" encoding="UTF-8"?>
<testsuite name="com.autenticadorgl.security.JwtRequestFilterTest" tests="2" skipped="0" failures="0" errors="0" timestamp="2023-11-26T01:22:39" hostname="DESKTOP-CHTDNRS" time="0.291">
  <properties/>
  <testcase name="testValidTokenAuthentication()" classname="com.autenticadorgl.security.JwtRequestFilterTest" time="0.27"/>
  <testcase name="testInvalidTokenErrorResponse()" classname="com.autenticadorgl.security.JwtRequestFilterTest" time="0.02"/>
  <system-out><![CDATA[2023-11-25 22:22:39 | No autorizado
]]></system-out>
  <system-err><![CDATA[]]></system-err>
</testsuite>
