<?xml version="1.0" encoding="UTF-8"?>
<testsuite name="com.autenticadorgl.controller.AuthControllerTest" tests="1" skipped="0" failures="0" errors="0" timestamp="2023-11-19T17:02:28" hostname="DESKTOP-CHTDNRS" time="0.018">
  <properties/>
  <testcase name="loginUserTest()" classname="com.autenticadorgl.controller.AuthControllerTest" time="0.018"/>
  <system-out><![CDATA[]]></system-out>
  <system-err><![CDATA[]]></system-err>
</testsuite>
