<?xml version="1.0" encoding="UTF-8"?>
<testsuite name="com.autenticadorgl.service.UserServiceTest" tests="5" skipped="0" failures="0" errors="0" timestamp="2023-11-19T17:02:29" hostname="DESKTOP-CHTDNRS" time="0.146">
  <properties/>
  <testcase name="testLoginUserSuccess()" classname="com.autenticadorgl.service.UserServiceTest" time="0.131"/>
  <testcase name="testLoginUserErrorWrongPass()" classname="com.autenticadorgl.service.UserServiceTest" time="0.004"/>
  <testcase name="testRegisterUserFailUserExists()" classname="com.autenticadorgl.service.UserServiceTest" time="0.002"/>
  <testcase name="testRegisterUserSuccess()" classname="com.autenticadorgl.service.UserServiceTest" time="0.006"/>
  <testcase name="testLoginUserErrorNotFoundEmail()" classname="com.autenticadorgl.service.UserServiceTest" time="0.001"/>
  <system-out><![CDATA[]]></system-out>
  <system-err><![CDATA[]]></system-err>
</testsuite>
